<?xml version="1.0" encoding="UTF-8"?>
<!-- Generated by org.testng.reporters.JUnitReportReporter -->
<testsuite hostname="SudheerReddy" name="com.tesing.Test2" tests="4" failures="0" timestamp="25 May 2015 08:10:33 GMT" time="0.015" errors="0">
  <testcase name="test2" time="0.000" classname="com.tesing.Test2"/>
  <testcase name="test4" time="0.000" classname="com.tesing.Test2"/>
  <testcase name="test5" time="0.000" classname="com.tesing.Test2"/>
  <testcase name="test3" time="0.015" classname="com.tesing.Test2"/>
</testsuite> <!-- com.tesing.Test2 -->
