<?xml version="1.0" encoding="UTF-8"?>
<!-- Generated by org.testng.reporters.JUnitReportReporter -->
<testsuite hostname="SudheerReddy" name="com.tesing.Test1" tests="3" failures="0" timestamp="25 May 2015 08:10:33 GMT" time="0.016" errors="0">
  <testcase name="firefoxdriver" time="0.000" classname="com.tesing.Test1"/>
  <testcase name="chromedriver" time="0.016" classname="com.tesing.Test1"/>
  <testcase name="iedriver" time="0.000" classname="com.tesing.Test1"/>
</testsuite> <!-- com.tesing.Test1 -->
